<?xml version="1.0" encoding="UTF-8"?>
<!-- Generated by org.testng.reporters.JUnitXMLReporter -->
<testsuite ignored="0" hostname="DESKTOP-QS0K018" failures="0" tests="11" name="Default test" time="0.229" errors="0" timestamp="2023-11-02T10:56:39 IST">
  <testcase classname="TestNG.sample" name="m2" time="0.021"/>
  <testcase classname="TestNG.sample" name="m2" time="0.003"/>
  <testcase classname="TestNG.sample" name="m2" time="0.003"/>
  <testcase classname="TestNG.sample" name="m2" time="0.003"/>
  <testcase classname="TestNG.sample" name="m2" time="0.005"/>
  <testcase classname="TestNG.sample" name="m2" time="0.01"/>
  <testcase classname="TestNG.sample" name="m2" time="0.004"/>
  <testcase classname="TestNG.sample" name="m2" time="0.003"/>
  <testcase classname="TestNG.sample" name="m2" time="0.004"/>
  <testcase classname="TestNG.sample" name="m2" time="0.003"/>
  <testcase classname="TestNG.sample" name="m1" time="0.005"/>
</testsuite> <!-- Default test -->
