<?xml version="1.0" encoding="UTF-8"?>
<!-- Generated by org.testng.reporters.JUnitXMLReporter -->
<testsuite ignored="0" hostname="DESKTOP-QS0K018" failures="0" tests="24" name="Test" time="0.392" errors="0" timestamp="2023-11-02T10:52:38 IST">
  <testcase classname="TestNG.sample" name="m2" time="0.032"/>
  <testcase classname="TestNG.sample" name="m2" time="0.006"/>
  <testcase classname="TestNG.sample" name="m2" time="0.007"/>
  <testcase classname="TestNG.sample" name="m2" time="0.006"/>
  <testcase classname="TestNG.sample" name="m2" time="0.007"/>
  <testcase classname="TestNG.sample" name="m2" time="0.004"/>
  <testcase classname="TestNG.sample" name="m2" time="0.009"/>
  <testcase classname="TestNG.sample" name="m2" time="0.002"/>
  <testcase classname="TestNG.sample" name="m2" time="0.003"/>
  <testcase classname="TestNG.sample" name="m2" time="0.007"/>
  <testcase classname="TestNG.sample" name="m1" time="0.003"/>
  <testcase classname="TestNG.priorityclass" name="b" time="0.004"/>
  <testcase classname="TestNG.priorityclass" name="a" time="0.002"/>
  <testcase classname="TestNG.priorityclass" name="c" time="0.004"/>
  <testcase classname="TestNG.invocationcountkeyword" name="a" time="0.003"/>
  <testcase classname="TestNG.invocationcountkeyword" name="a" time="0.002"/>
  <testcase classname="TestNG.invocationcountkeyword" name="a" time="0.003"/>
  <testcase classname="TestNG.invocationcountkeyword" name="a" time="0.002"/>
  <testcase classname="TestNG.invocationcountkeyword" name="a" time="0.002"/>
  <testcase classname="TestNG.invocationcountkeyword" name="a" time="0.006"/>
  <testcase classname="TestNG.invocationcountkeyword" name="a" time="0.003"/>
  <testcase classname="TestNG.invocationcountkeyword" name="a" time="0.004"/>
  <testcase classname="TestNG.invocationcountkeyword" name="a" time="0.001"/>
  <testcase classname="TestNG.invocationcountkeyword" name="a" time="0.005"/>
</testsuite> <!-- Test -->
