<?xml version="1.0" encoding="UTF-8"?>
<testng-results ignored="0" total="11" passed="11" failed="0" skipped="0">
  <reporter-output>
    <line>
      <![CDATA[Hiii I am TestNG]]>
    </line>
    <line>
      <![CDATA[Hiii I am TestNG]]>
    </line>
    <line>
      <![CDATA[Hiii I am TestNG]]>
    </line>
    <line>
      <![CDATA[Hiii I am TestNG]]>
    </line>
    <line>
      <![CDATA[Hiii I am TestNG]]>
    </line>
    <line>
      <![CDATA[Hiii I am TestNG]]>
    </line>
    <line>
      <![CDATA[Hiii I am TestNG]]>
    </line>
    <line>
      <![CDATA[Hiii I am TestNG]]>
    </line>
    <line>
      <![CDATA[Hiii I am TestNG]]>
    </line>
    <line>
      <![CDATA[Hiii I am TestNG]]>
    </line>
  </reporter-output>
  <suite started-at="2023-11-02T10:56:39 IST" name="Default suite" finished-at="2023-11-02T10:56:39 IST" duration-ms="229">
    <groups>
    </groups>
    <test started-at="2023-11-02T10:56:39 IST" name="Default test" finished-at="2023-11-02T10:56:39 IST" duration-ms="229">
      <class name="TestNG.sample">
        <test-method signature="m2()[pri:0, instance:TestNG.sample@3023df74]" started-at="2023-11-02T10:56:39 IST" name="m2" finished-at="2023-11-02T10:56:39 IST" duration-ms="21" status="PASS">
          <reporter-output>
            <line>
              <![CDATA[Hiii I am TestNG]]>
            </line>
          </reporter-output>
        </test-method> <!-- m2 -->
        <test-method signature="m2()[pri:0, instance:TestNG.sample@3023df74]" started-at="2023-11-02T10:56:39 IST" name="m2" finished-at="2023-11-02T10:56:39 IST" duration-ms="3" status="PASS">
          <reporter-output>
            <line>
              <![CDATA[Hiii I am TestNG]]>
            </line>
          </reporter-output>
        </test-method> <!-- m2 -->
        <test-method signature="m2()[pri:0, instance:TestNG.sample@3023df74]" started-at="2023-11-02T10:56:39 IST" name="m2" finished-at="2023-11-02T10:56:39 IST" duration-ms="3" status="PASS">
          <reporter-output>
            <line>
              <![CDATA[Hiii I am TestNG]]>
            </line>
          </reporter-output>
        </test-method> <!-- m2 -->
        <test-method signature="m2()[pri:0, instance:TestNG.sample@3023df74]" started-at="2023-11-02T10:56:39 IST" name="m2" finished-at="2023-11-02T10:56:39 IST" duration-ms="3" status="PASS">
          <reporter-output>
            <line>
              <![CDATA[Hiii I am TestNG]]>
            </line>
          </reporter-output>
        </test-method> <!-- m2 -->
        <test-method signature="m2()[pri:0, instance:TestNG.sample@3023df74]" started-at="2023-11-02T10:56:39 IST" name="m2" finished-at="2023-11-02T10:56:39 IST" duration-ms="5" status="PASS">
          <reporter-output>
            <line>
              <![CDATA[Hiii I am TestNG]]>
            </line>
          </reporter-output>
        </test-method> <!-- m2 -->
        <test-method signature="m2()[pri:0, instance:TestNG.sample@3023df74]" started-at="2023-11-02T10:56:39 IST" name="m2" finished-at="2023-11-02T10:56:39 IST" duration-ms="10" status="PASS">
          <reporter-output>
            <line>
              <![CDATA[Hiii I am TestNG]]>
            </line>
          </reporter-output>
        </test-method> <!-- m2 -->
        <test-method signature="m2()[pri:0, instance:TestNG.sample@3023df74]" started-at="2023-11-02T10:56:39 IST" name="m2" finished-at="2023-11-02T10:56:39 IST" duration-ms="4" status="PASS">
          <reporter-output>
            <line>
              <![CDATA[Hiii I am TestNG]]>
            </line>
          </reporter-output>
        </test-method> <!-- m2 -->
        <test-method signature="m2()[pri:0, instance:TestNG.sample@3023df74]" started-at="2023-11-02T10:56:39 IST" name="m2" finished-at="2023-11-02T10:56:39 IST" duration-ms="3" status="PASS">
          <reporter-output>
            <line>
              <![CDATA[Hiii I am TestNG]]>
            </line>
          </reporter-output>
        </test-method> <!-- m2 -->
        <test-method signature="m2()[pri:0, instance:TestNG.sample@3023df74]" started-at="2023-11-02T10:56:39 IST" name="m2" finished-at="2023-11-02T10:56:39 IST" duration-ms="4" status="PASS">
          <reporter-output>
            <line>
              <![CDATA[Hiii I am TestNG]]>
            </line>
          </reporter-output>
        </test-method> <!-- m2 -->
        <test-method signature="m2()[pri:0, instance:TestNG.sample@3023df74]" started-at="2023-11-02T10:56:39 IST" name="m2" finished-at="2023-11-02T10:56:39 IST" duration-ms="3" status="PASS">
          <reporter-output>
            <line>
              <![CDATA[Hiii I am TestNG]]>
            </line>
          </reporter-output>
        </test-method> <!-- m2 -->
        <test-method signature="m1()[pri:2, instance:TestNG.sample@3023df74]" started-at="2023-11-02T10:56:39 IST" name="m1" finished-at="2023-11-02T10:56:39 IST" duration-ms="5" status="PASS">
          <reporter-output>
          </reporter-output>
        </test-method> <!-- m1 -->
      </class> <!-- TestNG.sample -->
    </test> <!-- Default test -->
  </suite> <!-- Default suite -->
</testng-results>
